e:\ait\gametechnology4.1\samples\uniformvariables\debug\uniformvariables.obj
e:\ait\gametechnology4.1\samples\uniformvariables\debug\vc110.pdb
e:\ait\gametechnology4.1\samples\uniformvariables\debug\uniformvariables.ilk
e:\ait\gametechnology4.1\samples\uniformvariables\debug\uniformvariables.exe
e:\ait\gametechnology4.1\samples\uniformvariables\debug\uniformvariables.pdb
c:\users\jbarrett\desktop\onedrive - athlone institute of technology\ait\gametechnology4.1\samples\uniformvariables\debug\vc141.pdb
c:\users\jbarrett\desktop\onedrive - athlone institute of technology\ait\gametechnology4.1\samples\uniformvariables\debug\vc141.idb
c:\users\jbarrett\desktop\onedrive - athlone institute of technology\ait\gametechnology4.1\samples\uniformvariables\debug\uniformvariables.obj
c:\users\jbarrett\desktop\onedrive - athlone institute of technology\ait\gametechnology4.1\samples\uniformvariables\debug\uniformvariables.ilk
c:\users\jbarrett\desktop\onedrive - athlone institute of technology\ait\gametechnology4.1\samples\uniformvariables\debug\uniformvariables.exe
c:\users\jbarrett\desktop\onedrive - athlone institute of technology\ait\gametechnology4.1\samples\uniformvariables\debug\lnk{419f8895-5df2-45ce-9191-15f5976e0051}.tmp
c:\users\jbarrett\desktop\onedrive - athlone institute of technology\ait\gametechnology4.1\samples\uniformvariables\debug\uniformvariables.pdb
c:\users\jbarrett\desktop\onedrive - athlone institute of technology\ait\gametechnology4.1\samples\uniformvariables\debug\cl.command.1.tlog
c:\users\jbarrett\desktop\onedrive - athlone institute of technology\ait\gametechnology4.1\samples\uniformvariables\debug\cl.read.1.tlog
c:\users\jbarrett\desktop\onedrive - athlone institute of technology\ait\gametechnology4.1\samples\uniformvariables\debug\cl.write.1.tlog
c:\users\jbarrett\desktop\onedrive - athlone institute of technology\ait\gametechnology4.1\samples\uniformvariables\debug\link-cvtres.read.1.tlog
c:\users\jbarrett\desktop\onedrive - athlone institute of technology\ait\gametechnology4.1\samples\uniformvariables\debug\link-cvtres.write.1.tlog
c:\users\jbarrett\desktop\onedrive - athlone institute of technology\ait\gametechnology4.1\samples\uniformvariables\debug\link-rc.read.1.tlog
c:\users\jbarrett\desktop\onedrive - athlone institute of technology\ait\gametechnology4.1\samples\uniformvariables\debug\link-rc.write.1.tlog
c:\users\jbarrett\desktop\onedrive - athlone institute of technology\ait\gametechnology4.1\samples\uniformvariables\debug\link.5112-cvtres.read.1.tlog
c:\users\jbarrett\desktop\onedrive - athlone institute of technology\ait\gametechnology4.1\samples\uniformvariables\debug\link.5112-cvtres.write.1.tlog
c:\users\jbarrett\desktop\onedrive - athlone institute of technology\ait\gametechnology4.1\samples\uniformvariables\debug\link.5112-rc.read.1.tlog
c:\users\jbarrett\desktop\onedrive - athlone institute of technology\ait\gametechnology4.1\samples\uniformvariables\debug\link.5112-rc.write.1.tlog
c:\users\jbarrett\desktop\onedrive - athlone institute of technology\ait\gametechnology4.1\samples\uniformvariables\debug\link.5112.read.1.tlog
c:\users\jbarrett\desktop\onedrive - athlone institute of technology\ait\gametechnology4.1\samples\uniformvariables\debug\link.5112.write.1.tlog
c:\users\jbarrett\desktop\onedrive - athlone institute of technology\ait\gametechnology4.1\samples\uniformvariables\debug\link.6004-cvtres.read.1.tlog
c:\users\jbarrett\desktop\onedrive - athlone institute of technology\ait\gametechnology4.1\samples\uniformvariables\debug\link.6004-cvtres.write.1.tlog
c:\users\jbarrett\desktop\onedrive - athlone institute of technology\ait\gametechnology4.1\samples\uniformvariables\debug\link.6004-rc.read.1.tlog
c:\users\jbarrett\desktop\onedrive - athlone institute of technology\ait\gametechnology4.1\samples\uniformvariables\debug\link.6004-rc.write.1.tlog
c:\users\jbarrett\desktop\onedrive - athlone institute of technology\ait\gametechnology4.1\samples\uniformvariables\debug\link.6004.read.1.tlog
c:\users\jbarrett\desktop\onedrive - athlone institute of technology\ait\gametechnology4.1\samples\uniformvariables\debug\link.6004.write.1.tlog
c:\users\jbarrett\desktop\onedrive - athlone institute of technology\ait\gametechnology4.1\samples\uniformvariables\debug\link.command.1.tlog
c:\users\jbarrett\desktop\onedrive - athlone institute of technology\ait\gametechnology4.1\samples\uniformvariables\debug\link.read.1.tlog
c:\users\jbarrett\desktop\onedrive - athlone institute of technology\ait\gametechnology4.1\samples\uniformvariables\debug\link.write.1.tlog
c:\users\jbarrett\desktop\onedrive - athlone institute of technology\ait\gametechnology4.1\samples\uniformvariables\debug\vc110.idb
c:\users\jbarrett\desktop\onedrive - athlone institute of technology\ait\gametechnology4.1\samples\uniformvariables\debug\vc110.pdb
c:\users\jbarrett\desktop\onedrive - athlone institute of technology\ait\gametechnology4.1\samples\uniformvariables\debug\uniformvariables.tlog\cl.command.1.tlog
c:\users\jbarrett\desktop\onedrive - athlone institute of technology\ait\gametechnology4.1\samples\uniformvariables\debug\uniformvariables.tlog\cl.read.1.tlog
c:\users\jbarrett\desktop\onedrive - athlone institute of technology\ait\gametechnology4.1\samples\uniformvariables\debug\uniformvariables.tlog\cl.write.1.tlog
c:\users\jbarrett\desktop\onedrive - athlone institute of technology\ait\gametechnology4.1\samples\uniformvariables\debug\uniformvariables.tlog\link.command.1.tlog
c:\users\jbarrett\desktop\onedrive - athlone institute of technology\ait\gametechnology4.1\samples\uniformvariables\debug\uniformvariables.tlog\link.delete.1.tlog
c:\users\jbarrett\desktop\onedrive - athlone institute of technology\ait\gametechnology4.1\samples\uniformvariables\debug\uniformvariables.tlog\link.read.1.tlog
c:\users\jbarrett\desktop\onedrive - athlone institute of technology\ait\gametechnology4.1\samples\uniformvariables\debug\uniformvariables.tlog\link.write.1.tlog
